2025-08-02 19:26:38,770 - __main__ - INFO - Checking prerequisites...
2025-08-02 19:26:38,770 - __main__ - INFO - Connecting to MongoDB...
2025-08-02 19:26:38,772 - __main__ - INFO - Successfully connected to database: docusign
2025-08-02 19:26:38,773 - __main__ - WARNING - Database 'docusign' already exists
2025-08-02 19:26:38,773 - __main__ - INFO - Dropping existing database 'docusign'...
2025-08-02 19:26:38,775 - __main__ - INFO - Creating indexes...
2025-08-02 19:26:38,775 - __main__ - INFO - Creating indexes for collection: accounts
2025-08-02 19:26:38,851 - __main__ - INFO - Creating indexes for collection: users
2025-08-02 19:26:38,925 - __main__ - INFO - Creating indexes for collection: templates
2025-08-02 19:26:39,024 - __main__ - INFO - Creating indexes for collection: documents
2025-08-02 19:26:39,086 - __main__ - INFO - Creating indexes for collection: recipients
2025-08-02 19:26:39,207 - __main__ - INFO - Creating indexes for collection: envelopes
2025-08-02 19:26:39,311 - __main__ - INFO - Creating indexes for collection: audit_events
2025-08-02 19:26:39,397 - __main__ - INFO - Creating indexes for collection: brands
2025-08-02 19:26:39,455 - __main__ - INFO - Creating indexes for collection: folders
2025-08-02 19:26:39,532 - __main__ - INFO - All indexes created successfully
2025-08-02 19:26:39,532 - __main__ - INFO - Starting database seeding...
2025-08-02 19:26:39,583 - seed_db - INFO - Starting DocuSign database seeding...
2025-08-02 19:26:39,588 - seed_db - INFO - Seeding 50 accounts...
2025-08-02 19:26:39,605 - seed_db - INFO - Seeding brands...
2025-08-02 19:26:39,609 - seed_db - INFO - Seeding users...
2025-08-02 19:26:39,638 - seed_db - INFO - Seeding folders...
2025-08-02 19:26:39,657 - seed_db - INFO - Seeding templates...
2025-08-02 19:26:39,684 - seed_db - INFO - Seeding 2000 envelopes...
2025-08-02 19:26:39,764 - seed_db - INFO - Seeded batch 0-100 (100 envelopes)
2025-08-02 19:26:39,839 - seed_db - INFO - Seeded batch 100-200 (100 envelopes)
2025-08-02 19:26:39,926 - seed_db - INFO - Seeded batch 200-300 (100 envelopes)
2025-08-02 19:26:40,004 - seed_db - INFO - Seeded batch 300-400 (100 envelopes)
2025-08-02 19:26:40,081 - seed_db - INFO - Seeded batch 400-500 (100 envelopes)
2025-08-02 19:26:40,160 - seed_db - INFO - Seeded batch 500-600 (100 envelopes)
2025-08-02 19:26:40,245 - seed_db - INFO - Seeded batch 600-700 (100 envelopes)
2025-08-02 19:26:40,322 - seed_db - INFO - Seeded batch 700-800 (100 envelopes)
2025-08-02 19:26:40,405 - seed_db - INFO - Seeded batch 800-900 (100 envelopes)
2025-08-02 19:26:40,485 - seed_db - INFO - Seeded batch 900-1000 (100 envelopes)
2025-08-02 19:26:40,563 - seed_db - INFO - Seeded batch 1000-1100 (100 envelopes)
2025-08-02 19:26:40,642 - seed_db - INFO - Seeded batch 1100-1200 (100 envelopes)
2025-08-02 19:26:40,740 - seed_db - INFO - Seeded batch 1200-1300 (100 envelopes)
2025-08-02 19:26:40,821 - seed_db - INFO - Seeded batch 1300-1400 (100 envelopes)
2025-08-02 19:26:40,904 - seed_db - INFO - Seeded batch 1400-1500 (100 envelopes)
2025-08-02 19:26:40,992 - seed_db - INFO - Seeded batch 1500-1600 (100 envelopes)
2025-08-02 19:26:41,079 - seed_db - INFO - Seeded batch 1600-1700 (100 envelopes)
2025-08-02 19:26:41,161 - seed_db - INFO - Seeded batch 1700-1800 (100 envelopes)
2025-08-02 19:26:41,241 - seed_db - INFO - Seeded batch 1800-1900 (100 envelopes)
2025-08-02 19:26:41,343 - seed_db - INFO - Seeded batch 1900-2000 (100 envelopes)
2025-08-02 19:26:41,344 - seed_db - INFO - Audit events created with envelopes
2025-08-02 19:26:41,344 - seed_db - INFO - Updating account statistics...
2025-08-02 19:26:41,793 - seed_db - INFO - Seeding completed: {'accounts': 50, 'users': 160, 'brands': 22, 'folders': 614, 'templates': 281, 'envelopes': 2000, 'documents': 4130, 'recipients': 3933, 'audit_events': 13199}
2025-08-02 19:26:41,793 - __main__ - INFO - Database seeding completed successfully
2025-08-02 19:26:41,804 - __main__ - INFO - Validating seeded data...
2025-08-02 19:26:41,809 - __main__ - INFO - Validating relationships...
2025-08-02 19:26:41,825 - __main__ - INFO - Checking data quality...
2025-08-02 19:26:41,828 - __main__ - INFO - Validation completed. Found 0 issues
2025-08-02 19:26:41,830 - __main__ - INFO - Generating summary report...
2025-08-02 19:26:41,830 - __main__ - INFO - Total execution time: 3.06 seconds
2025-08-02 19:26:41,831 - __main__ - INFO - Database connection closed
